<?xml version="1.0" encoding="UTF-8"?>
<!-- Generated by org.testng.reporters.JUnitReportReporter -->
<testsuite hostname="LAPTOP-LDTPQ8CD" failures="0" tests="1" name="apiChaining.EndtoEndapi" time="4.012" errors="0" timestamp="05 Jun 2022 06:27:14 GMT" skipped="0">
  <testcase classname="apiChaining.EndtoEndapi" name="test1" time="4.012"/>
</testsuite> <!-- apiChaining.EndtoEndapi -->
